INFO:root:server started
INFO:root:new worker connected
INFO:root:delegating col 0
INFO:root:col 0 processed
INFO:root:delegating col 1
INFO:root:worker disconnected
INFO:root:progress saved
INFO:root:server started
INFO:root:new worker connected
INFO:root:delegating col 1
INFO:root:col 1 processed
INFO:root:delegating col 2
INFO:root:col 2 processed
INFO:root:delegating col 3
INFO:root:col 3 processed
INFO:root:delegating col 4
INFO:root:col 4 processed
INFO:root:delegating col 5
INFO:root:col 5 processed
INFO:root:delegating col 6
INFO:root:col 6 processed
INFO:root:delegating col 7
INFO:root:col 7 processed
INFO:root:delegating col 8
INFO:root:col 8 processed
INFO:root:delegating col 9
INFO:root:col 9 processed
INFO:root:delegating col 10
INFO:root:col 10 processed
INFO:root:delegating col 11
INFO:root:col 11 processed
INFO:root:delegating col 12
INFO:root:col 12 processed
INFO:root:delegating col 13
INFO:root:col 13 processed
INFO:root:delegating col 14
INFO:root:col 14 processed
INFO:root:delegating col 15
INFO:root:col 15 processed
INFO:root:delegating col 16
INFO:root:col 16 processed
INFO:root:delegating col 17
INFO:root:col 17 processed
INFO:root:delegating col 18
INFO:root:col 18 processed
INFO:root:delegating col 19
INFO:root:col 19 processed
INFO:root:delegating col 20
INFO:root:col 20 processed
INFO:root:delegating col 21
INFO:root:col 21 processed
INFO:root:delegating col 22
INFO:root:col 22 processed
INFO:root:delegating col 23
INFO:root:col 23 processed
INFO:root:delegating col 24
INFO:root:col 24 processed
INFO:root:delegating col 25
INFO:root:col 25 processed
INFO:root:delegating col 26
INFO:root:col 26 processed
INFO:root:delegating col 27
INFO:root:col 27 processed
INFO:root:delegating col 28
INFO:root:col 28 processed
INFO:root:delegating col 29
INFO:root:col 29 processed
INFO:root:delegating col 30
INFO:root:col 30 processed
INFO:root:delegating col 31
INFO:root:col 31 processed
INFO:root:delegating col 32
INFO:root:col 32 processed
INFO:root:delegating col 33
INFO:root:col 33 processed
INFO:root:delegating col 34
INFO:root:col 34 processed
INFO:root:delegating col 35
INFO:root:col 35 processed
INFO:root:delegating col 36
INFO:root:col 36 processed
INFO:root:delegating col 37
INFO:root:col 37 processed
INFO:root:delegating col 38
INFO:root:col 38 processed
INFO:root:delegating col 39
INFO:root:col 39 processed
INFO:root:delegating col 40
INFO:root:col 40 processed
INFO:root:delegating col 41
INFO:root:col 41 processed
INFO:root:delegating col 42
INFO:root:col 42 processed
INFO:root:delegating col 43
INFO:root:col 43 processed
INFO:root:delegating col 44
INFO:root:col 44 processed
INFO:root:delegating col 45
INFO:root:worker disconnected, returning col 45
INFO:root:new worker connected
INFO:root:delegating col 45
INFO:root:col 45 processed
INFO:root:delegating col 46
INFO:root:col 46 processed
INFO:root:delegating col 47
INFO:root:col 47 processed
INFO:root:delegating col 48
INFO:root:col 48 processed
INFO:root:delegating col 49
INFO:root:col 49 processed
INFO:root:delegating col 50
INFO:root:col 50 processed
INFO:root:delegating col 51
INFO:root:worker disconnected, returning col 51
INFO:root:new worker connected
INFO:root:delegating col 51
INFO:root:col 51 processed
INFO:root:delegating col 52
INFO:root:col 52 processed
INFO:root:delegating col 53
INFO:root:col 53 processed
INFO:root:delegating col 54
INFO:root:col 54 processed
INFO:root:delegating col 55
INFO:root:col 55 processed
INFO:root:delegating col 56
INFO:root:col 56 processed
INFO:root:delegating col 57
INFO:root:col 57 processed
INFO:root:delegating col 58
INFO:root:col 58 processed
INFO:root:delegating col 59
INFO:root:col 59 processed
INFO:root:delegating col 60
INFO:root:col 60 processed
INFO:root:delegating col 61
INFO:root:col 61 processed
INFO:root:delegating col 62
INFO:root:col 62 processed
INFO:root:delegating col 63
INFO:root:col 63 processed
INFO:root:delegating col 64
INFO:root:col 64 processed
INFO:root:delegating col 65
INFO:root:col 65 processed
INFO:root:delegating col 66
INFO:root:col 66 processed
INFO:root:delegating col 67
INFO:root:col 67 processed
INFO:root:delegating col 68
INFO:root:col 68 processed
INFO:root:delegating col 69
INFO:root:col 69 processed
INFO:root:delegating col 70
INFO:root:col 70 processed
INFO:root:delegating col 71
INFO:root:col 71 processed
INFO:root:delegating col 72
INFO:root:col 72 processed
INFO:root:delegating col 73
INFO:root:col 73 processed
INFO:root:delegating col 74
INFO:root:col 74 processed
INFO:root:delegating col 75
INFO:root:col 75 processed
INFO:root:delegating col 76
INFO:root:col 76 processed
INFO:root:delegating col 77
INFO:root:col 77 processed
INFO:root:delegating col 78
INFO:root:col 78 processed
INFO:root:delegating col 79
INFO:root:col 79 processed
INFO:root:delegating col 80
INFO:root:col 80 processed
INFO:root:delegating col 81
INFO:root:worker disconnected, returning col 81
INFO:root:progress saved
INFO:root:server started
INFO:root:new worker connected
INFO:root:delegating col 81
INFO:root:col 81 processed
INFO:root:delegating col 82
INFO:root:col 82 processed
INFO:root:delegating col 83
INFO:root:col 83 processed
INFO:root:delegating col 84
INFO:root:col 84 processed
INFO:root:delegating col 85
INFO:root:col 85 processed
INFO:root:delegating col 86
INFO:root:col 86 processed
INFO:root:delegating col 87
INFO:root:col 87 processed
INFO:root:delegating col 88
INFO:root:col 88 processed
INFO:root:delegating col 89
INFO:root:col 89 processed
INFO:root:delegating col 90
INFO:root:col 90 processed
INFO:root:delegating col 91
INFO:root:col 91 processed
INFO:root:delegating col 92
INFO:root:col 92 processed
INFO:root:delegating col 93
INFO:root:col 93 processed
INFO:root:delegating col 94
INFO:root:col 94 processed
INFO:root:delegating col 95
INFO:root:col 95 processed
INFO:root:delegating col 96
INFO:root:col 96 processed
INFO:root:delegating col 97
INFO:root:col 97 processed
INFO:root:delegating col 98
INFO:root:col 98 processed
INFO:root:delegating col 99
INFO:root:col 99 processed
INFO:root:delegating col 100
INFO:root:col 100 processed
INFO:root:delegating col 101
INFO:root:col 101 processed
INFO:root:delegating col 102
INFO:root:col 102 processed
INFO:root:delegating col 103
INFO:root:col 103 processed
INFO:root:delegating col 104
INFO:root:col 104 processed
INFO:root:delegating col 105
INFO:root:col 105 processed
INFO:root:delegating col 106
INFO:root:col 106 processed
INFO:root:delegating col 107
INFO:root:col 107 processed
INFO:root:delegating col 108
INFO:root:col 108 processed
INFO:root:delegating col 109
INFO:root:col 109 processed
INFO:root:delegating col 110
INFO:root:col 110 processed
INFO:root:delegating col 111
INFO:root:col 111 processed
INFO:root:delegating col 112
INFO:root:col 112 processed
INFO:root:delegating col 113
INFO:root:col 113 processed
INFO:root:delegating col 114
INFO:root:col 114 processed
INFO:root:delegating col 115
INFO:root:col 115 processed
INFO:root:delegating col 116
INFO:root:col 116 processed
INFO:root:delegating col 117
INFO:root:col 117 processed
INFO:root:delegating col 118
INFO:root:col 118 processed
INFO:root:delegating col 119
INFO:root:col 119 processed
INFO:root:delegating col 120
INFO:root:col 120 processed
INFO:root:delegating col 121
INFO:root:col 121 processed
INFO:root:delegating col 122
INFO:root:col 122 processed
INFO:root:delegating col 123
INFO:root:col 123 processed
INFO:root:delegating col 124
INFO:root:col 124 processed
INFO:root:delegating col 125
INFO:root:col 125 processed
INFO:root:delegating col 126
INFO:root:col 126 processed
INFO:root:delegating col 127
INFO:root:col 127 processed
INFO:root:delegating col 128
INFO:root:col 128 processed
INFO:root:delegating col 129
INFO:root:col 129 processed
INFO:root:delegating col 130
INFO:root:col 130 processed
INFO:root:delegating col 131
INFO:root:col 131 processed
INFO:root:delegating col 132
INFO:root:col 132 processed
INFO:root:delegating col 133
INFO:root:col 133 processed
INFO:root:delegating col 134
INFO:root:col 134 processed
INFO:root:delegating col 135
INFO:root:col 135 processed
INFO:root:delegating col 136
INFO:root:col 136 processed
INFO:root:delegating col 137
INFO:root:col 137 processed
INFO:root:delegating col 138
INFO:root:col 138 processed
INFO:root:delegating col 139
INFO:root:col 139 processed
INFO:root:delegating col 140
INFO:root:col 140 processed
INFO:root:delegating col 141
INFO:root:col 141 processed
INFO:root:delegating col 142
INFO:root:col 142 processed
INFO:root:delegating col 143
INFO:root:col 143 processed
INFO:root:delegating col 144
INFO:root:col 144 processed
INFO:root:delegating col 145
INFO:root:col 145 processed
INFO:root:delegating col 146
INFO:root:col 146 processed
INFO:root:delegating col 147
INFO:root:col 147 processed
INFO:root:delegating col 148
INFO:root:col 148 processed
INFO:root:delegating col 149
INFO:root:col 149 processed
INFO:root:delegating col 150
INFO:root:col 150 processed
INFO:root:delegating col 151
INFO:root:col 151 processed
INFO:root:delegating col 152
INFO:root:col 152 processed
INFO:root:delegating col 153
INFO:root:col 153 processed
INFO:root:delegating col 154
INFO:root:col 154 processed
INFO:root:delegating col 155
INFO:root:col 155 processed
INFO:root:delegating col 156
INFO:root:col 156 processed
INFO:root:delegating col 157
INFO:root:col 157 processed
INFO:root:delegating col 158
INFO:root:col 158 processed
INFO:root:delegating col 159
INFO:root:col 159 processed
INFO:root:delegating col 160
INFO:root:col 160 processed
INFO:root:delegating col 161
INFO:root:col 161 processed
INFO:root:delegating col 162
INFO:root:col 162 processed
INFO:root:delegating col 163
INFO:root:col 163 processed
INFO:root:delegating col 164
INFO:root:col 164 processed
INFO:root:delegating col 165
INFO:root:col 165 processed
INFO:root:delegating col 166
INFO:root:col 166 processed
INFO:root:delegating col 167
INFO:root:col 167 processed
INFO:root:delegating col 168
INFO:root:col 168 processed
INFO:root:delegating col 169
INFO:root:col 169 processed
INFO:root:delegating col 170
INFO:root:col 170 processed
INFO:root:delegating col 171
INFO:root:col 171 processed
INFO:root:delegating col 172
INFO:root:col 172 processed
INFO:root:delegating col 173
INFO:root:col 173 processed
INFO:root:delegating col 174
INFO:root:col 174 processed
INFO:root:delegating col 175
INFO:root:col 175 processed
INFO:root:delegating col 176
INFO:root:col 176 processed
INFO:root:delegating col 177
INFO:root:col 177 processed
INFO:root:delegating col 178
INFO:root:col 178 processed
INFO:root:delegating col 179
INFO:root:col 179 processed
INFO:root:delegating col 180
INFO:root:col 180 processed
INFO:root:delegating col 181
INFO:root:col 181 processed
INFO:root:delegating col 182
INFO:root:col 182 processed
INFO:root:delegating col 183
INFO:root:col 183 processed
INFO:root:delegating col 184
INFO:root:col 184 processed
INFO:root:delegating col 185
INFO:root:col 185 processed
INFO:root:delegating col 186
INFO:root:col 186 processed
INFO:root:delegating col 187
INFO:root:col 187 processed
INFO:root:delegating col 188
INFO:root:col 188 processed
INFO:root:delegating col 189
INFO:root:col 189 processed
INFO:root:delegating col 190
INFO:root:col 190 processed
INFO:root:delegating col 191
INFO:root:col 191 processed
INFO:root:delegating col 192
INFO:root:col 192 processed
INFO:root:delegating col 193
INFO:root:col 193 processed
INFO:root:delegating col 194
INFO:root:col 194 processed
INFO:root:delegating col 195
INFO:root:col 195 processed
INFO:root:delegating col 196
INFO:root:col 196 processed
INFO:root:delegating col 197
INFO:root:col 197 processed
INFO:root:delegating col 198
INFO:root:col 198 processed
INFO:root:delegating col 199
INFO:root:col 199 processed
INFO:root:delegating col 200
INFO:root:col 200 processed
INFO:root:delegating col 201
INFO:root:col 201 processed
INFO:root:delegating col 202
INFO:root:col 202 processed
INFO:root:delegating col 203
INFO:root:col 203 processed
INFO:root:delegating col 204
INFO:root:col 204 processed
INFO:root:delegating col 205
INFO:root:col 205 processed
INFO:root:delegating col 206
INFO:root:col 206 processed
INFO:root:delegating col 207
INFO:root:col 207 processed
INFO:root:delegating col 208
INFO:root:col 208 processed
INFO:root:delegating col 209
INFO:root:col 209 processed
INFO:root:delegating col 210
INFO:root:col 210 processed
INFO:root:delegating col 211
INFO:root:col 211 processed
INFO:root:delegating col 212
INFO:root:col 212 processed
INFO:root:delegating col 213
INFO:root:col 213 processed
INFO:root:delegating col 214
INFO:root:col 214 processed
INFO:root:delegating col 215
INFO:root:col 215 processed
INFO:root:delegating col 216
INFO:root:col 216 processed
INFO:root:delegating col 217
INFO:root:col 217 processed
INFO:root:delegating col 218
INFO:root:col 218 processed
INFO:root:delegating col 219
INFO:root:col 219 processed
INFO:root:delegating col 220
INFO:root:col 220 processed
INFO:root:delegating col 221
INFO:root:col 221 processed
INFO:root:delegating col 222
INFO:root:col 222 processed
INFO:root:delegating col 223
INFO:root:col 223 processed
INFO:root:delegating col 224
INFO:root:col 224 processed
INFO:root:delegating col 225
INFO:root:col 225 processed
INFO:root:delegating col 226
INFO:root:col 226 processed
INFO:root:delegating col 227
INFO:root:col 227 processed
INFO:root:delegating col 228
INFO:root:col 228 processed
INFO:root:delegating col 229
INFO:root:col 229 processed
INFO:root:delegating col 230
INFO:root:col 230 processed
INFO:root:delegating col 231
INFO:root:col 231 processed
INFO:root:delegating col 232
INFO:root:col 232 processed
INFO:root:delegating col 233
INFO:root:col 233 processed
INFO:root:delegating col 234
INFO:root:col 234 processed
INFO:root:delegating col 235
INFO:root:col 235 processed
INFO:root:delegating col 236
INFO:root:col 236 processed
INFO:root:delegating col 237
INFO:root:col 237 processed
INFO:root:delegating col 238
INFO:root:col 238 processed
INFO:root:delegating col 239
INFO:root:col 239 processed
INFO:root:delegating col 240
INFO:root:col 240 processed
INFO:root:delegating col 241
INFO:root:col 241 processed
INFO:root:delegating col 242
INFO:root:col 242 processed
INFO:root:delegating col 243
INFO:root:col 243 processed
INFO:root:delegating col 244
INFO:root:col 244 processed
INFO:root:delegating col 245
INFO:root:col 245 processed
INFO:root:delegating col 246
INFO:root:col 246 processed
INFO:root:delegating col 247
INFO:root:col 247 processed
INFO:root:delegating col 248
INFO:root:col 248 processed
INFO:root:delegating col 249
INFO:root:col 249 processed
INFO:root:delegating col 250
INFO:root:col 250 processed
INFO:root:delegating col 251
INFO:root:col 251 processed
INFO:root:delegating col 252
INFO:root:col 252 processed
INFO:root:delegating col 253
INFO:root:col 253 processed
INFO:root:delegating col 254
INFO:root:col 254 processed
INFO:root:delegating col 255
INFO:root:col 255 processed
INFO:root:delegating col 256
INFO:root:col 256 processed
INFO:root:delegating col 257
INFO:root:col 257 processed
INFO:root:delegating col 258
INFO:root:col 258 processed
INFO:root:delegating col 259
INFO:root:col 259 processed
INFO:root:delegating col 260
INFO:root:col 260 processed
INFO:root:delegating col 261
INFO:root:col 261 processed
INFO:root:delegating col 262
INFO:root:col 262 processed
INFO:root:delegating col 263
INFO:root:col 263 processed
INFO:root:delegating col 264
INFO:root:col 264 processed
INFO:root:delegating col 265
INFO:root:col 265 processed
INFO:root:delegating col 266
INFO:root:col 266 processed
INFO:root:delegating col 267
INFO:root:col 267 processed
INFO:root:delegating col 268
INFO:root:col 268 processed
INFO:root:delegating col 269
INFO:root:col 269 processed
INFO:root:delegating col 270
INFO:root:col 270 processed
INFO:root:delegating col 271
INFO:root:col 271 processed
INFO:root:delegating col 272
INFO:root:col 272 processed
INFO:root:delegating col 273
INFO:root:col 273 processed
INFO:root:delegating col 274
INFO:root:col 274 processed
INFO:root:delegating col 275
INFO:root:col 275 processed
INFO:root:delegating col 276
INFO:root:col 276 processed
INFO:root:delegating col 277
INFO:root:col 277 processed
INFO:root:delegating col 278
INFO:root:col 278 processed
INFO:root:delegating col 279
INFO:root:col 279 processed
INFO:root:delegating col 280
INFO:root:col 280 processed
INFO:root:delegating col 281
INFO:root:col 281 processed
INFO:root:delegating col 282
INFO:root:col 282 processed
INFO:root:delegating col 283
INFO:root:col 283 processed
INFO:root:delegating col 284
INFO:root:col 284 processed
INFO:root:delegating col 285
INFO:root:col 285 processed
INFO:root:delegating col 286
INFO:root:col 286 processed
INFO:root:delegating col 287
INFO:root:col 287 processed
INFO:root:delegating col 288
INFO:root:col 288 processed
INFO:root:delegating col 289
INFO:root:col 289 processed
INFO:root:delegating col 290
INFO:root:col 290 processed
INFO:root:delegating col 291
INFO:root:col 291 processed
INFO:root:delegating col 292
INFO:root:col 292 processed
INFO:root:delegating col 293
INFO:root:col 293 processed
INFO:root:delegating col 294
INFO:root:col 294 processed
INFO:root:delegating col 295
INFO:root:col 295 processed
INFO:root:delegating col 296
INFO:root:col 296 processed
INFO:root:delegating col 297
INFO:root:col 297 processed
INFO:root:delegating col 298
INFO:root:col 298 processed
INFO:root:delegating col 299
INFO:root:col 299 processed
INFO:root:delegating col 300
INFO:root:col 300 processed
INFO:root:delegating col 301
INFO:root:col 301 processed
INFO:root:delegating col 302
INFO:root:col 302 processed
INFO:root:delegating col 303
INFO:root:col 303 processed
INFO:root:delegating col 304
INFO:root:col 304 processed
INFO:root:delegating col 305
INFO:root:col 305 processed
INFO:root:delegating col 306
INFO:root:col 306 processed
INFO:root:delegating col 307
INFO:root:col 307 processed
INFO:root:delegating col 308
INFO:root:col 308 processed
INFO:root:delegating col 309
INFO:root:col 309 processed
INFO:root:delegating col 310
INFO:root:col 310 processed
INFO:root:delegating col 311
INFO:root:col 311 processed
INFO:root:delegating col 312
INFO:root:col 312 processed
INFO:root:delegating col 313
INFO:root:col 313 processed
INFO:root:delegating col 314
INFO:root:col 314 processed
INFO:root:delegating col 315
INFO:root:col 315 processed
INFO:root:delegating col 316
INFO:root:col 316 processed
INFO:root:delegating col 317
INFO:root:col 317 processed
INFO:root:delegating col 318
INFO:root:col 318 processed
INFO:root:delegating col 319
INFO:root:col 319 processed
INFO:root:delegating col 320
INFO:root:col 320 processed
INFO:root:delegating col 321
INFO:root:col 321 processed
INFO:root:delegating col 322
INFO:root:col 322 processed
INFO:root:delegating col 323
INFO:root:col 323 processed
INFO:root:delegating col 324
INFO:root:col 324 processed
INFO:root:delegating col 325
INFO:root:col 325 processed
INFO:root:delegating col 326
INFO:root:col 326 processed
INFO:root:delegating col 327
INFO:root:col 327 processed
INFO:root:delegating col 328
INFO:root:col 328 processed
INFO:root:delegating col 329
INFO:root:col 329 processed
INFO:root:delegating col 330
INFO:root:col 330 processed
INFO:root:delegating col 331
INFO:root:col 331 processed
INFO:root:delegating col 332
INFO:root:col 332 processed
INFO:root:delegating col 333
INFO:root:col 333 processed
INFO:root:delegating col 334
INFO:root:col 334 processed
INFO:root:delegating col 335
INFO:root:col 335 processed
INFO:root:delegating col 336
INFO:root:col 336 processed
INFO:root:delegating col 337
INFO:root:col 337 processed
INFO:root:delegating col 338
INFO:root:col 338 processed
INFO:root:delegating col 339
INFO:root:col 339 processed
INFO:root:delegating col 340
INFO:root:col 340 processed
INFO:root:delegating col 341
INFO:root:col 341 processed
INFO:root:delegating col 342
INFO:root:col 342 processed
INFO:root:delegating col 343
INFO:root:col 343 processed
INFO:root:delegating col 344
INFO:root:col 344 processed
INFO:root:delegating col 345
INFO:root:col 345 processed
INFO:root:delegating col 346
INFO:root:col 346 processed
INFO:root:delegating col 347
INFO:root:col 347 processed
INFO:root:delegating col 348
INFO:root:col 348 processed
INFO:root:delegating col 349
INFO:root:col 349 processed
INFO:root:delegating col 350
INFO:root:col 350 processed
INFO:root:delegating col 351
INFO:root:col 351 processed
INFO:root:delegating col 352
INFO:root:col 352 processed
INFO:root:delegating col 353
INFO:root:col 353 processed
INFO:root:delegating col 354
INFO:root:col 354 processed
INFO:root:delegating col 355
INFO:root:col 355 processed
INFO:root:delegating col 356
INFO:root:col 356 processed
INFO:root:delegating col 357
INFO:root:col 357 processed
INFO:root:delegating col 358
INFO:root:col 358 processed
INFO:root:delegating col 359
INFO:root:col 359 processed
INFO:root:delegating col 360
INFO:root:col 360 processed
INFO:root:delegating col 361
INFO:root:col 361 processed
INFO:root:delegating col 362
INFO:root:col 362 processed
INFO:root:delegating col 363
INFO:root:col 363 processed
INFO:root:delegating col 364
INFO:root:col 364 processed
INFO:root:delegating col 365
INFO:root:col 365 processed
INFO:root:delegating col 366
INFO:root:col 366 processed
INFO:root:delegating col 367
INFO:root:col 367 processed
INFO:root:delegating col 368
INFO:root:col 368 processed
INFO:root:delegating col 369
INFO:root:col 369 processed
INFO:root:delegating col 370
INFO:root:col 370 processed
INFO:root:delegating col 371
INFO:root:col 371 processed
INFO:root:delegating col 372
INFO:root:col 372 processed
INFO:root:delegating col 373
INFO:root:col 373 processed
INFO:root:delegating col 374
INFO:root:col 374 processed
INFO:root:delegating col 375
INFO:root:col 375 processed
INFO:root:delegating col 376
INFO:root:col 376 processed
INFO:root:delegating col 377
INFO:root:col 377 processed
INFO:root:delegating col 378
INFO:root:col 378 processed
INFO:root:delegating col 379
INFO:root:col 379 processed
INFO:root:delegating col 380
INFO:root:col 380 processed
INFO:root:delegating col 381
INFO:root:col 381 processed
INFO:root:delegating col 382
INFO:root:col 382 processed
INFO:root:delegating col 383
INFO:root:col 383 processed
INFO:root:delegating col 384
INFO:root:col 384 processed
INFO:root:delegating col 385
INFO:root:col 385 processed
INFO:root:delegating col 386
INFO:root:col 386 processed
INFO:root:delegating col 387
INFO:root:col 387 processed
INFO:root:delegating col 388
INFO:root:col 388 processed
INFO:root:delegating col 389
INFO:root:col 389 processed
INFO:root:delegating col 390
INFO:root:col 390 processed
INFO:root:delegating col 391
INFO:root:col 391 processed
INFO:root:delegating col 392
INFO:root:col 392 processed
INFO:root:delegating col 393
INFO:root:col 393 processed
INFO:root:delegating col 394
INFO:root:col 394 processed
INFO:root:delegating col 395
INFO:root:col 395 processed
INFO:root:delegating col 396
INFO:root:col 396 processed
INFO:root:delegating col 397
INFO:root:col 397 processed
INFO:root:delegating col 398
INFO:root:col 398 processed
INFO:root:delegating col 399
INFO:root:col 399 processed
INFO:root:delegating col 400
INFO:root:col 400 processed
INFO:root:delegating col 401
INFO:root:col 401 processed
INFO:root:delegating col 402
INFO:root:col 402 processed
INFO:root:delegating col 403
INFO:root:col 403 processed
INFO:root:delegating col 404
INFO:root:col 404 processed
INFO:root:delegating col 405
INFO:root:col 405 processed
INFO:root:delegating col 406
INFO:root:col 406 processed
INFO:root:delegating col 407
INFO:root:col 407 processed
INFO:root:delegating col 408
INFO:root:col 408 processed
INFO:root:delegating col 409
INFO:root:col 409 processed
INFO:root:delegating col 410
INFO:root:col 410 processed
INFO:root:delegating col 411
INFO:root:col 411 processed
INFO:root:delegating col 412
INFO:root:col 412 processed
INFO:root:delegating col 413
INFO:root:col 413 processed
INFO:root:delegating col 414
INFO:root:col 414 processed
INFO:root:delegating col 415
INFO:root:col 415 processed
INFO:root:delegating col 416
INFO:root:col 416 processed
INFO:root:delegating col 417
INFO:root:col 417 processed
INFO:root:delegating col 418
INFO:root:col 418 processed
INFO:root:delegating col 419
INFO:root:col 419 processed
INFO:root:delegating col 420
INFO:root:col 420 processed
INFO:root:delegating col 421
INFO:root:col 421 processed
INFO:root:delegating col 422
INFO:root:col 422 processed
INFO:root:delegating col 423
INFO:root:col 423 processed
INFO:root:delegating col 424
INFO:root:col 424 processed
INFO:root:delegating col 425
INFO:root:col 425 processed
INFO:root:delegating col 426
INFO:root:col 426 processed
INFO:root:delegating col 427
INFO:root:col 427 processed
INFO:root:delegating col 428
INFO:root:col 428 processed
INFO:root:delegating col 429
INFO:root:col 429 processed
INFO:root:delegating col 430
INFO:root:col 430 processed
INFO:root:delegating col 431
INFO:root:col 431 processed
INFO:root:delegating col 432
INFO:root:col 432 processed
INFO:root:delegating col 433
INFO:root:col 433 processed
INFO:root:delegating col 434
INFO:root:col 434 processed
INFO:root:delegating col 435
INFO:root:col 435 processed
INFO:root:delegating col 436
INFO:root:col 436 processed
INFO:root:delegating col 437
INFO:root:col 437 processed
INFO:root:delegating col 438
INFO:root:col 438 processed
INFO:root:delegating col 439
INFO:root:col 439 processed
INFO:root:delegating col 440
INFO:root:col 440 processed
INFO:root:delegating col 441
INFO:root:col 441 processed
INFO:root:delegating col 442
INFO:root:col 442 processed
INFO:root:delegating col 443
INFO:root:col 443 processed
INFO:root:delegating col 444
INFO:root:col 444 processed
INFO:root:delegating col 445
INFO:root:col 445 processed
INFO:root:delegating col 446
INFO:root:col 446 processed
INFO:root:delegating col 447
INFO:root:col 447 processed
INFO:root:delegating col 448
INFO:root:col 448 processed
INFO:root:delegating col 449
INFO:root:col 449 processed
INFO:root:delegating col 450
INFO:root:col 450 processed
INFO:root:delegating col 451
INFO:root:col 451 processed
INFO:root:delegating col 452
INFO:root:col 452 processed
INFO:root:delegating col 453
INFO:root:col 453 processed
INFO:root:delegating col 454
INFO:root:col 454 processed
INFO:root:delegating col 455
INFO:root:col 455 processed
INFO:root:delegating col 456
INFO:root:col 456 processed
INFO:root:delegating col 457
INFO:root:col 457 processed
INFO:root:delegating col 458
INFO:root:col 458 processed
INFO:root:delegating col 459
INFO:root:col 459 processed
INFO:root:delegating col 460
INFO:root:col 460 processed
INFO:root:delegating col 461
INFO:root:col 461 processed
INFO:root:delegating col 462
INFO:root:col 462 processed
INFO:root:delegating col 463
INFO:root:col 463 processed
INFO:root:delegating col 464
INFO:root:col 464 processed
INFO:root:delegating col 465
INFO:root:col 465 processed
INFO:root:delegating col 466
INFO:root:col 466 processed
INFO:root:delegating col 467
INFO:root:col 467 processed
INFO:root:delegating col 468
INFO:root:col 468 processed
INFO:root:delegating col 469
INFO:root:col 469 processed
INFO:root:delegating col 470
INFO:root:col 470 processed
INFO:root:delegating col 471
INFO:root:col 471 processed
INFO:root:delegating col 472
INFO:root:col 472 processed
INFO:root:delegating col 473
INFO:root:col 473 processed
INFO:root:delegating col 474
INFO:root:col 474 processed
INFO:root:delegating col 475
INFO:root:col 475 processed
INFO:root:delegating col 476
INFO:root:col 476 processed
INFO:root:delegating col 477
INFO:root:col 477 processed
INFO:root:delegating col 478
INFO:root:col 478 processed
INFO:root:delegating col 479
INFO:root:col 479 processed
INFO:root:delegating col 480
INFO:root:col 480 processed
INFO:root:delegating col 481
INFO:root:col 481 processed
INFO:root:delegating col 482
INFO:root:col 482 processed
INFO:root:delegating col 483
INFO:root:col 483 processed
INFO:root:delegating col 484
INFO:root:col 484 processed
INFO:root:delegating col 485
INFO:root:col 485 processed
INFO:root:delegating col 486
INFO:root:col 486 processed
INFO:root:delegating col 487
INFO:root:col 487 processed
INFO:root:delegating col 488
INFO:root:col 488 processed
INFO:root:delegating col 489
INFO:root:col 489 processed
INFO:root:delegating col 490
INFO:root:col 490 processed
INFO:root:delegating col 491
INFO:root:col 491 processed
INFO:root:delegating col 492
INFO:root:col 492 processed
INFO:root:delegating col 493
INFO:root:col 493 processed
INFO:root:delegating col 494
INFO:root:col 494 processed
INFO:root:delegating col 495
INFO:root:col 495 processed
INFO:root:delegating col 496
INFO:root:col 496 processed
INFO:root:delegating col 497
INFO:root:col 497 processed
INFO:root:delegating col 498
INFO:root:col 498 processed
INFO:root:delegating col 499
INFO:root:col 499 processed
INFO:root:delegating col 500
INFO:root:col 500 processed
INFO:root:delegating col 501
INFO:root:col 501 processed
INFO:root:delegating col 502
INFO:root:col 502 processed
INFO:root:delegating col 503
INFO:root:col 503 processed
INFO:root:delegating col 504
INFO:root:col 504 processed
INFO:root:delegating col 505
INFO:root:col 505 processed
INFO:root:delegating col 506
INFO:root:col 506 processed
INFO:root:delegating col 507
INFO:root:col 507 processed
INFO:root:delegating col 508
INFO:root:col 508 processed
INFO:root:delegating col 509
INFO:root:col 509 processed
INFO:root:delegating col 510
INFO:root:col 510 processed
INFO:root:delegating col 511
INFO:root:col 511 processed
INFO:root:delegating col 512
INFO:root:col 512 processed
INFO:root:delegating col 513
INFO:root:col 513 processed
INFO:root:delegating col 514
INFO:root:col 514 processed
INFO:root:delegating col 515
INFO:root:col 515 processed
INFO:root:delegating col 516
INFO:root:col 516 processed
INFO:root:delegating col 517
INFO:root:col 517 processed
INFO:root:delegating col 518
INFO:root:col 518 processed
INFO:root:delegating col 519
INFO:root:col 519 processed
INFO:root:delegating col 520
INFO:root:col 520 processed
INFO:root:delegating col 521
INFO:root:col 521 processed
INFO:root:delegating col 522
INFO:root:col 522 processed
INFO:root:delegating col 523
INFO:root:col 523 processed
INFO:root:delegating col 524
INFO:root:col 524 processed
INFO:root:delegating col 525
INFO:root:col 525 processed
INFO:root:delegating col 526
INFO:root:col 526 processed
INFO:root:delegating col 527
INFO:root:col 527 processed
INFO:root:delegating col 528
INFO:root:col 528 processed
INFO:root:delegating col 529
INFO:root:col 529 processed
INFO:root:delegating col 530
INFO:root:col 530 processed
INFO:root:delegating col 531
INFO:root:col 531 processed
INFO:root:delegating col 532
INFO:root:col 532 processed
INFO:root:delegating col 533
INFO:root:col 533 processed
INFO:root:delegating col 534
INFO:root:col 534 processed
INFO:root:delegating col 535
INFO:root:col 535 processed
INFO:root:delegating col 536
INFO:root:col 536 processed
INFO:root:delegating col 537
INFO:root:col 537 processed
INFO:root:delegating col 538
INFO:root:col 538 processed
INFO:root:delegating col 539
INFO:root:worker disconnected
INFO:root:col 539 returned to pull
INFO:root:new worker connected
INFO:root:delegating col 539
INFO:root:col 539 processed
INFO:root:delegating col 540
INFO:root:col 540 processed
INFO:root:delegating col 541
INFO:root:col 541 processed
INFO:root:delegating col 542
INFO:root:col 542 processed
INFO:root:delegating col 543
INFO:root:col 543 processed
INFO:root:delegating col 544
INFO:root:col 544 processed
INFO:root:delegating col 545
INFO:root:col 545 processed
INFO:root:delegating col 546
INFO:root:col 546 processed
INFO:root:delegating col 547
INFO:root:col 547 processed
INFO:root:delegating col 548
INFO:root:col 548 processed
INFO:root:delegating col 549
INFO:root:col 549 processed
INFO:root:delegating col 550
INFO:root:col 550 processed
INFO:root:delegating col 551
INFO:root:col 551 processed
INFO:root:delegating col 552
INFO:root:col 552 processed
INFO:root:delegating col 553
INFO:root:col 553 processed
INFO:root:delegating col 554
INFO:root:col 554 processed
INFO:root:delegating col 555
INFO:root:col 555 processed
INFO:root:delegating col 556
INFO:root:col 556 processed
INFO:root:delegating col 557
INFO:root:col 557 processed
INFO:root:delegating col 558
INFO:root:col 558 processed
INFO:root:delegating col 559
INFO:root:col 559 processed
INFO:root:delegating col 560
INFO:root:col 560 processed
INFO:root:delegating col 561
INFO:root:col 561 processed
INFO:root:delegating col 562
INFO:root:col 562 processed
INFO:root:delegating col 563
INFO:root:col 563 processed
INFO:root:delegating col 564
INFO:root:col 564 processed
INFO:root:delegating col 565
INFO:root:col 565 processed
INFO:root:delegating col 566
INFO:root:col 566 processed
INFO:root:delegating col 567
INFO:root:col 567 processed
INFO:root:delegating col 568
INFO:root:col 568 processed
INFO:root:delegating col 569
INFO:root:col 569 processed
INFO:root:delegating col 570
INFO:root:col 570 processed
INFO:root:delegating col 571
INFO:root:worker disconnected
INFO:root:col 571 returned to pull
INFO:root:new worker connected
INFO:root:delegating col 571
INFO:root:col 571 processed
INFO:root:delegating col 572
INFO:root:col 572 processed
INFO:root:delegating col 573
INFO:root:col 573 processed
INFO:root:delegating col 574
INFO:root:col 574 processed
INFO:root:delegating col 575
INFO:root:col 575 processed
INFO:root:delegating col 576
INFO:root:col 576 processed
INFO:root:delegating col 577
INFO:root:col 577 processed
INFO:root:delegating col 578
INFO:root:col 578 processed
INFO:root:delegating col 579
INFO:root:col 579 processed
INFO:root:delegating col 580
INFO:root:col 580 processed
INFO:root:delegating col 581
INFO:root:col 581 processed
INFO:root:delegating col 582
INFO:root:col 582 processed
INFO:root:delegating col 583
INFO:root:col 583 processed
INFO:root:delegating col 584
INFO:root:col 584 processed
INFO:root:delegating col 585
INFO:root:col 585 processed
INFO:root:delegating col 586
INFO:root:col 586 processed
INFO:root:delegating col 587
INFO:root:col 587 processed
INFO:root:delegating col 588
INFO:root:col 588 processed
INFO:root:delegating col 589
INFO:root:col 589 processed
INFO:root:delegating col 590
INFO:root:col 590 processed
INFO:root:delegating col 591
INFO:root:col 591 processed
INFO:root:delegating col 592
INFO:root:col 592 processed
INFO:root:delegating col 593
INFO:root:col 593 processed
INFO:root:delegating col 594
INFO:root:col 594 processed
INFO:root:delegating col 595
INFO:root:col 595 processed
INFO:root:delegating col 596
INFO:root:col 596 processed
INFO:root:delegating col 597
INFO:root:col 597 processed
INFO:root:delegating col 598
INFO:root:col 598 processed
INFO:root:delegating col 599
INFO:root:col 599 processed
INFO:root:delegating col 600
INFO:root:col 600 processed
INFO:root:delegating col 601
INFO:root:col 601 processed
INFO:root:delegating col 602
INFO:root:col 602 processed
INFO:root:delegating col 603
INFO:root:col 603 processed
INFO:root:delegating col 604
INFO:root:col 604 processed
INFO:root:delegating col 605
INFO:root:col 605 processed
INFO:root:delegating col 606
INFO:root:col 606 processed
INFO:root:delegating col 607
INFO:root:col 607 processed
INFO:root:delegating col 608
INFO:root:col 608 processed
INFO:root:delegating col 609
INFO:root:col 609 processed
INFO:root:delegating col 610
INFO:root:col 610 processed
INFO:root:delegating col 611
INFO:root:col 611 processed
INFO:root:delegating col 612
INFO:root:col 612 processed
INFO:root:delegating col 613
INFO:root:col 613 processed
INFO:root:delegating col 614
INFO:root:col 614 processed
INFO:root:delegating col 615
INFO:root:col 615 processed
INFO:root:delegating col 616
INFO:root:col 616 processed
INFO:root:delegating col 617
INFO:root:col 617 processed
INFO:root:delegating col 618
INFO:root:col 618 processed
INFO:root:delegating col 619
INFO:root:col 619 processed
INFO:root:delegating col 620
INFO:root:col 620 processed
INFO:root:delegating col 621
INFO:root:col 621 processed
INFO:root:delegating col 622
INFO:root:col 622 processed
INFO:root:delegating col 623
INFO:root:col 623 processed
INFO:root:delegating col 624
INFO:root:col 624 processed
INFO:root:delegating col 625
INFO:root:col 625 processed
INFO:root:delegating col 626
INFO:root:col 626 processed
INFO:root:delegating col 627
INFO:root:col 627 processed
INFO:root:delegating col 628
INFO:root:col 628 processed
INFO:root:delegating col 629
INFO:root:col 629 processed
INFO:root:delegating col 630
INFO:root:col 630 processed
INFO:root:delegating col 631
INFO:root:col 631 processed
INFO:root:delegating col 632
INFO:root:col 632 processed
INFO:root:delegating col 633
INFO:root:col 633 processed
INFO:root:delegating col 634
INFO:root:col 634 processed
INFO:root:delegating col 635
INFO:root:col 635 processed
INFO:root:delegating col 636
INFO:root:col 636 processed
INFO:root:delegating col 637
INFO:root:col 637 processed
INFO:root:delegating col 638
INFO:root:col 638 processed
INFO:root:delegating col 639
INFO:root:col 639 processed
INFO:root:delegating col 640
INFO:root:col 640 processed
INFO:root:delegating col 641
INFO:root:col 641 processed
INFO:root:delegating col 642
INFO:root:col 642 processed
INFO:root:delegating col 643
INFO:root:col 643 processed
INFO:root:delegating col 644
INFO:root:col 644 processed
INFO:root:delegating col 645
INFO:root:col 645 processed
INFO:root:delegating col 646
INFO:root:col 646 processed
INFO:root:delegating col 647
INFO:root:col 647 processed
INFO:root:delegating col 648
INFO:root:col 648 processed
INFO:root:delegating col 649
INFO:root:col 649 processed
INFO:root:delegating col 650
INFO:root:col 650 processed
INFO:root:delegating col 651
INFO:root:col 651 processed
INFO:root:delegating col 652
INFO:root:col 652 processed
INFO:root:delegating col 653
INFO:root:col 653 processed
INFO:root:delegating col 654
INFO:root:col 654 processed
INFO:root:delegating col 655
INFO:root:col 655 processed
INFO:root:delegating col 656
INFO:root:col 656 processed
INFO:root:delegating col 657
INFO:root:col 657 processed
INFO:root:delegating col 658
INFO:root:col 658 processed
INFO:root:delegating col 659
INFO:root:col 659 processed
INFO:root:delegating col 660
INFO:root:col 660 processed
INFO:root:delegating col 661
INFO:root:col 661 processed
INFO:root:delegating col 662
INFO:root:col 662 processed
INFO:root:delegating col 663
INFO:root:col 663 processed
INFO:root:delegating col 664
INFO:root:col 664 processed
INFO:root:delegating col 665
INFO:root:col 665 processed
INFO:root:delegating col 666
INFO:root:col 666 processed
INFO:root:delegating col 667
INFO:root:col 667 processed
INFO:root:delegating col 668
INFO:root:col 668 processed
INFO:root:delegating col 669
INFO:root:col 669 processed
INFO:root:delegating col 670
INFO:root:col 670 processed
INFO:root:delegating col 671
INFO:root:col 671 processed
INFO:root:delegating col 672
INFO:root:col 672 processed
INFO:root:delegating col 673
INFO:root:col 673 processed
INFO:root:delegating col 674
INFO:root:col 674 processed
INFO:root:delegating col 675
INFO:root:col 675 processed
INFO:root:delegating col 676
INFO:root:col 676 processed
INFO:root:delegating col 677
INFO:root:col 677 processed
INFO:root:delegating col 678
INFO:root:col 678 processed
INFO:root:delegating col 679
INFO:root:col 679 processed
INFO:root:delegating col 680
INFO:root:col 680 processed
INFO:root:delegating col 681
INFO:root:col 681 processed
INFO:root:delegating col 682
INFO:root:col 682 processed
INFO:root:delegating col 683
INFO:root:col 683 processed
INFO:root:delegating col 684
INFO:root:col 684 processed
INFO:root:delegating col 685
INFO:root:col 685 processed
INFO:root:delegating col 686
INFO:root:col 686 processed
INFO:root:delegating col 687
INFO:root:col 687 processed
INFO:root:delegating col 688
INFO:root:col 688 processed
INFO:root:delegating col 689
INFO:root:col 689 processed
INFO:root:delegating col 690
INFO:root:col 690 processed
INFO:root:delegating col 691
INFO:root:col 691 processed
INFO:root:delegating col 692
INFO:root:col 692 processed
INFO:root:delegating col 693
INFO:root:col 693 processed
INFO:root:delegating col 694
INFO:root:col 694 processed
INFO:root:delegating col 695
INFO:root:col 695 processed
INFO:root:delegating col 696
INFO:root:col 696 processed
INFO:root:delegating col 697
INFO:root:col 697 processed
INFO:root:delegating col 698
INFO:root:col 698 processed
INFO:root:delegating col 699
INFO:root:col 699 processed
INFO:root:delegating col 700
INFO:root:col 700 processed
INFO:root:delegating col 701
INFO:root:col 701 processed
INFO:root:delegating col 702
INFO:root:col 702 processed
INFO:root:delegating col 703
INFO:root:col 703 processed
INFO:root:delegating col 704
INFO:root:col 704 processed
INFO:root:delegating col 705
INFO:root:col 705 processed
INFO:root:delegating col 706
INFO:root:col 706 processed
INFO:root:delegating col 707
INFO:root:col 707 processed
INFO:root:delegating col 708
INFO:root:col 708 processed
INFO:root:delegating col 709
INFO:root:col 709 processed
INFO:root:delegating col 710
INFO:root:col 710 processed
INFO:root:delegating col 711
INFO:root:col 711 processed
INFO:root:delegating col 712
INFO:root:col 712 processed
INFO:root:delegating col 713
INFO:root:col 713 processed
INFO:root:delegating col 714
INFO:root:col 714 processed
INFO:root:delegating col 715
INFO:root:col 715 processed
INFO:root:delegating col 716
INFO:root:col 716 processed
INFO:root:delegating col 717
INFO:root:col 717 processed
INFO:root:delegating col 718
INFO:root:col 718 processed
INFO:root:delegating col 719
INFO:root:col 719 processed
INFO:root:delegating col 720
INFO:root:col 720 processed
INFO:root:delegating col 721
INFO:root:col 721 processed
INFO:root:delegating col 722
INFO:root:col 722 processed
INFO:root:delegating col 723
INFO:root:col 723 processed
INFO:root:delegating col 724
INFO:root:col 724 processed
INFO:root:delegating col 725
INFO:root:col 725 processed
INFO:root:delegating col 726
INFO:root:col 726 processed
INFO:root:delegating col 727
INFO:root:col 727 processed
INFO:root:delegating col 728
INFO:root:col 728 processed
INFO:root:delegating col 729
INFO:root:col 729 processed
INFO:root:delegating col 730
INFO:root:col 730 processed
INFO:root:delegating col 731
INFO:root:col 731 processed
INFO:root:delegating col 732
INFO:root:col 732 processed
INFO:root:delegating col 733
INFO:root:col 733 processed
INFO:root:delegating col 734
INFO:root:col 734 processed
INFO:root:delegating col 735
INFO:root:col 735 processed
INFO:root:delegating col 736
INFO:root:col 736 processed
INFO:root:delegating col 737
INFO:root:col 737 processed
INFO:root:delegating col 738
INFO:root:col 738 processed
INFO:root:delegating col 739
INFO:root:col 739 processed
INFO:root:delegating col 740
INFO:root:col 740 processed
INFO:root:delegating col 741
INFO:root:col 741 processed
INFO:root:delegating col 742
INFO:root:col 742 processed
INFO:root:delegating col 743
INFO:root:col 743 processed
INFO:root:delegating col 744
INFO:root:col 744 processed
INFO:root:delegating col 745
INFO:root:col 745 processed
INFO:root:delegating col 746
INFO:root:col 746 processed
INFO:root:delegating col 747
INFO:root:col 747 processed
INFO:root:delegating col 748
INFO:root:col 748 processed
INFO:root:delegating col 749
INFO:root:col 749 processed
INFO:root:delegating col 750
INFO:root:col 750 processed
INFO:root:delegating col 751
INFO:root:col 751 processed
INFO:root:delegating col 752
INFO:root:col 752 processed
INFO:root:delegating col 753
INFO:root:col 753 processed
INFO:root:delegating col 754
INFO:root:col 754 processed
INFO:root:delegating col 755
INFO:root:col 755 processed
INFO:root:delegating col 756
INFO:root:col 756 processed
INFO:root:delegating col 757
INFO:root:col 757 processed
INFO:root:delegating col 758
INFO:root:col 758 processed
INFO:root:delegating col 759
INFO:root:col 759 processed
INFO:root:delegating col 760
INFO:root:col 760 processed
INFO:root:delegating col 761
INFO:root:col 761 processed
INFO:root:delegating col 762
INFO:root:col 762 processed
INFO:root:delegating col 763
INFO:root:col 763 processed
INFO:root:delegating col 764
INFO:root:col 764 processed
INFO:root:delegating col 765
INFO:root:col 765 processed
INFO:root:delegating col 766
INFO:root:col 766 processed
INFO:root:delegating col 767
INFO:root:col 767 processed
INFO:root:delegating col 768
INFO:root:col 768 processed
INFO:root:delegating col 769
INFO:root:col 769 processed
INFO:root:delegating col 770
INFO:root:col 770 processed
INFO:root:delegating col 771
INFO:root:col 771 processed
INFO:root:delegating col 772
INFO:root:col 772 processed
INFO:root:delegating col 773
INFO:root:col 773 processed
INFO:root:delegating col 774
INFO:root:col 774 processed
INFO:root:delegating col 775
INFO:root:col 775 processed
INFO:root:delegating col 776
INFO:root:col 776 processed
INFO:root:delegating col 777
INFO:root:col 777 processed
INFO:root:delegating col 778
INFO:root:col 778 processed
INFO:root:delegating col 779
INFO:root:col 779 processed
INFO:root:delegating col 780
INFO:root:col 780 processed
INFO:root:delegating col 781
INFO:root:col 781 processed
INFO:root:delegating col 782
INFO:root:col 782 processed
INFO:root:delegating col 783
INFO:root:col 783 processed
INFO:root:delegating col 784
INFO:root:col 784 processed
INFO:root:delegating col 785
INFO:root:col 785 processed
INFO:root:delegating col 786
INFO:root:col 786 processed
INFO:root:delegating col 787
INFO:root:col 787 processed
INFO:root:delegating col 788
INFO:root:col 788 processed
INFO:root:delegating col 789
INFO:root:col 789 processed
INFO:root:delegating col 790
INFO:root:col 790 processed
INFO:root:delegating col 791
INFO:root:col 791 processed
INFO:root:delegating col 792
INFO:root:col 792 processed
INFO:root:delegating col 793
INFO:root:col 793 processed
INFO:root:delegating col 794
INFO:root:col 794 processed
INFO:root:delegating col 795
INFO:root:col 795 processed
INFO:root:delegating col 796
INFO:root:col 796 processed
INFO:root:delegating col 797
INFO:root:col 797 processed
INFO:root:delegating col 798
INFO:root:col 798 processed
INFO:root:delegating col 799
INFO:root:col 799 processed
INFO:root:delegating col 800
INFO:root:col 800 processed
INFO:root:delegating col 801
INFO:root:col 801 processed
INFO:root:delegating col 802
INFO:root:col 802 processed
INFO:root:delegating col 803
INFO:root:col 803 processed
INFO:root:delegating col 804
INFO:root:col 804 processed
INFO:root:delegating col 805
INFO:root:col 805 processed
INFO:root:delegating col 806
INFO:root:col 806 processed
INFO:root:delegating col 807
INFO:root:col 807 processed
INFO:root:delegating col 808
INFO:root:col 808 processed
INFO:root:delegating col 809
INFO:root:col 809 processed
INFO:root:delegating col 810
INFO:root:col 810 processed
INFO:root:delegating col 811
INFO:root:col 811 processed
INFO:root:delegating col 812
INFO:root:col 812 processed
INFO:root:delegating col 813
INFO:root:col 813 processed
INFO:root:delegating col 814
INFO:root:col 814 processed
INFO:root:delegating col 815
INFO:root:col 815 processed
INFO:root:delegating col 816
INFO:root:col 816 processed
INFO:root:delegating col 817
INFO:root:col 817 processed
INFO:root:delegating col 818
INFO:root:col 818 processed
INFO:root:delegating col 819
INFO:root:col 819 processed
INFO:root:delegating col 820
INFO:root:col 820 processed
INFO:root:delegating col 821
INFO:root:col 821 processed
INFO:root:delegating col 822
INFO:root:col 822 processed
INFO:root:delegating col 823
INFO:root:col 823 processed
INFO:root:delegating col 824
INFO:root:col 824 processed
INFO:root:delegating col 825
INFO:root:col 825 processed
INFO:root:delegating col 826
INFO:root:col 826 processed
INFO:root:delegating col 827
INFO:root:col 827 processed
INFO:root:delegating col 828
INFO:root:col 828 processed
INFO:root:delegating col 829
INFO:root:col 829 processed
INFO:root:delegating col 830
INFO:root:col 830 processed
INFO:root:delegating col 831
INFO:root:col 831 processed
INFO:root:delegating col 832
INFO:root:col 832 processed
INFO:root:delegating col 833
INFO:root:col 833 processed
INFO:root:delegating col 834
INFO:root:col 834 processed
INFO:root:delegating col 835
INFO:root:col 835 processed
INFO:root:delegating col 836
INFO:root:col 836 processed
INFO:root:delegating col 837
INFO:root:col 837 processed
INFO:root:delegating col 838
INFO:root:col 838 processed
INFO:root:delegating col 839
INFO:root:col 839 processed
INFO:root:delegating col 840
INFO:root:col 840 processed
INFO:root:delegating col 841
INFO:root:col 841 processed
INFO:root:delegating col 842
INFO:root:col 842 processed
INFO:root:delegating col 843
INFO:root:col 843 processed
INFO:root:delegating col 844
INFO:root:col 844 processed
INFO:root:delegating col 845
INFO:root:col 845 processed
INFO:root:delegating col 846
INFO:root:col 846 processed
INFO:root:delegating col 847
INFO:root:col 847 processed
INFO:root:delegating col 848
INFO:root:col 848 processed
INFO:root:delegating col 849
INFO:root:col 849 processed
INFO:root:delegating col 850
INFO:root:col 850 processed
INFO:root:delegating col 851
INFO:root:col 851 processed
INFO:root:delegating col 852
INFO:root:col 852 processed
INFO:root:delegating col 853
INFO:root:col 853 processed
INFO:root:delegating col 854
INFO:root:col 854 processed
INFO:root:delegating col 855
INFO:root:col 855 processed
INFO:root:delegating col 856
INFO:root:col 856 processed
INFO:root:delegating col 857
INFO:root:col 857 processed
INFO:root:delegating col 858
INFO:root:col 858 processed
INFO:root:delegating col 859
INFO:root:col 859 processed
INFO:root:delegating col 860
INFO:root:col 860 processed
INFO:root:delegating col 861
INFO:root:col 861 processed
INFO:root:delegating col 862
INFO:root:col 862 processed
INFO:root:delegating col 863
INFO:root:col 863 processed
INFO:root:delegating col 864
INFO:root:col 864 processed
INFO:root:delegating col 865
INFO:root:col 865 processed
INFO:root:delegating col 866
INFO:root:col 866 processed
INFO:root:delegating col 867
INFO:root:col 867 processed
INFO:root:delegating col 868
INFO:root:col 868 processed
INFO:root:delegating col 869
INFO:root:col 869 processed
INFO:root:delegating col 870
INFO:root:col 870 processed
INFO:root:delegating col 871
INFO:root:col 871 processed
INFO:root:delegating col 872
INFO:root:col 872 processed
INFO:root:delegating col 873
INFO:root:col 873 processed
INFO:root:delegating col 874
INFO:root:col 874 processed
INFO:root:delegating col 875
INFO:root:col 875 processed
INFO:root:delegating col 876
INFO:root:col 876 processed
INFO:root:delegating col 877
INFO:root:col 877 processed
INFO:root:delegating col 878
INFO:root:col 878 processed
INFO:root:delegating col 879
INFO:root:col 879 processed
INFO:root:delegating col 880
INFO:root:col 880 processed
INFO:root:delegating col 881
INFO:root:col 881 processed
INFO:root:delegating col 882
INFO:root:col 882 processed
INFO:root:delegating col 883
INFO:root:col 883 processed
INFO:root:delegating col 884
INFO:root:col 884 processed
INFO:root:delegating col 885
INFO:root:col 885 processed
INFO:root:delegating col 886
INFO:root:col 886 processed
INFO:root:delegating col 887
INFO:root:col 887 processed
INFO:root:delegating col 888
INFO:root:col 888 processed
INFO:root:delegating col 889
INFO:root:col 889 processed
INFO:root:delegating col 890
INFO:root:col 890 processed
INFO:root:delegating col 891
INFO:root:col 891 processed
INFO:root:delegating col 892
INFO:root:col 892 processed
INFO:root:delegating col 893
INFO:root:col 893 processed
INFO:root:delegating col 894
INFO:root:col 894 processed
INFO:root:delegating col 895
INFO:root:col 895 processed
INFO:root:delegating col 896
INFO:root:col 896 processed
INFO:root:delegating col 897
INFO:root:col 897 processed
INFO:root:delegating col 898
INFO:root:col 898 processed
INFO:root:delegating col 899
INFO:root:col 899 processed
INFO:root:delegating col 900
INFO:root:col 900 processed
INFO:root:delegating col 901
INFO:root:col 901 processed
INFO:root:delegating col 902
INFO:root:col 902 processed
INFO:root:delegating col 903
INFO:root:col 903 processed
INFO:root:delegating col 904
INFO:root:col 904 processed
INFO:root:delegating col 905
INFO:root:col 905 processed
INFO:root:delegating col 906
INFO:root:col 906 processed
INFO:root:delegating col 907
INFO:root:col 907 processed
INFO:root:delegating col 908
INFO:root:col 908 processed
INFO:root:delegating col 909
INFO:root:col 909 processed
INFO:root:delegating col 910
INFO:root:col 910 processed
INFO:root:delegating col 911
INFO:root:col 911 processed
INFO:root:delegating col 912
INFO:root:col 912 processed
INFO:root:delegating col 913
INFO:root:col 913 processed
INFO:root:delegating col 914
INFO:root:col 914 processed
INFO:root:delegating col 915
INFO:root:col 915 processed
INFO:root:delegating col 916
INFO:root:col 916 processed
INFO:root:delegating col 917
INFO:root:col 917 processed
INFO:root:delegating col 918
INFO:root:col 918 processed
INFO:root:delegating col 919
INFO:root:col 919 processed
INFO:root:delegating col 920
INFO:root:col 920 processed
INFO:root:delegating col 921
INFO:root:col 921 processed
INFO:root:delegating col 922
INFO:root:col 922 processed
INFO:root:delegating col 923
INFO:root:col 923 processed
INFO:root:delegating col 924
INFO:root:col 924 processed
INFO:root:delegating col 925
INFO:root:col 925 processed
INFO:root:delegating col 926
INFO:root:col 926 processed
INFO:root:delegating col 927
INFO:root:col 927 processed
INFO:root:delegating col 928
INFO:root:col 928 processed
INFO:root:delegating col 929
INFO:root:col 929 processed
INFO:root:delegating col 930
INFO:root:col 930 processed
INFO:root:delegating col 931
INFO:root:col 931 processed
INFO:root:delegating col 932
INFO:root:col 932 processed
INFO:root:delegating col 933
INFO:root:col 933 processed
INFO:root:delegating col 934
INFO:root:col 934 processed
INFO:root:delegating col 935
INFO:root:col 935 processed
INFO:root:delegating col 936
INFO:root:col 936 processed
INFO:root:delegating col 937
INFO:root:col 937 processed
INFO:root:delegating col 938
INFO:root:col 938 processed
INFO:root:delegating col 939
INFO:root:col 939 processed
INFO:root:delegating col 940
INFO:root:col 940 processed
INFO:root:delegating col 941
INFO:root:col 941 processed
INFO:root:delegating col 942
INFO:root:col 942 processed
INFO:root:delegating col 943
INFO:root:col 943 processed
INFO:root:delegating col 944
INFO:root:col 944 processed
INFO:root:delegating col 945
INFO:root:col 945 processed
INFO:root:delegating col 946
INFO:root:col 946 processed
INFO:root:delegating col 947
INFO:root:col 947 processed
INFO:root:delegating col 948
INFO:root:col 948 processed
INFO:root:delegating col 949
INFO:root:col 949 processed
INFO:root:delegating col 950
INFO:root:col 950 processed
INFO:root:delegating col 951
INFO:root:col 951 processed
INFO:root:delegating col 952
INFO:root:col 952 processed
INFO:root:delegating col 953
INFO:root:col 953 processed
INFO:root:delegating col 954
INFO:root:col 954 processed
INFO:root:delegating col 955
INFO:root:col 955 processed
INFO:root:delegating col 956
INFO:root:col 956 processed
INFO:root:delegating col 957
INFO:root:col 957 processed
INFO:root:delegating col 958
INFO:root:col 958 processed
INFO:root:delegating col 959
INFO:root:col 959 processed
INFO:root:delegating col 960
INFO:root:col 960 processed
INFO:root:delegating col 961
INFO:root:col 961 processed
INFO:root:delegating col 962
INFO:root:col 962 processed
INFO:root:delegating col 963
INFO:root:col 963 processed
INFO:root:delegating col 964
INFO:root:col 964 processed
INFO:root:delegating col 965
INFO:root:col 965 processed
INFO:root:delegating col 966
INFO:root:col 966 processed
INFO:root:delegating col 967
INFO:root:col 967 processed
INFO:root:delegating col 968
INFO:root:col 968 processed
INFO:root:delegating col 969
INFO:root:col 969 processed
INFO:root:delegating col 970
INFO:root:col 970 processed
INFO:root:delegating col 971
INFO:root:col 971 processed
INFO:root:delegating col 972
INFO:root:col 972 processed
INFO:root:delegating col 973
INFO:root:col 973 processed
INFO:root:delegating col 974
INFO:root:col 974 processed
INFO:root:delegating col 975
INFO:root:col 975 processed
INFO:root:delegating col 976
INFO:root:col 976 processed
INFO:root:delegating col 977
INFO:root:col 977 processed
INFO:root:delegating col 978
INFO:root:col 978 processed
INFO:root:delegating col 979
INFO:root:col 979 processed
INFO:root:delegating col 980
INFO:root:col 980 processed
INFO:root:delegating col 981
INFO:root:col 981 processed
INFO:root:delegating col 982
INFO:root:col 982 processed
INFO:root:delegating col 983
INFO:root:col 983 processed
INFO:root:delegating col 984
INFO:root:col 984 processed
INFO:root:delegating col 985
INFO:root:col 985 processed
INFO:root:delegating col 986
INFO:root:col 986 processed
INFO:root:delegating col 987
INFO:root:col 987 processed
INFO:root:delegating col 988
INFO:root:col 988 processed
INFO:root:delegating col 989
INFO:root:col 989 processed
INFO:root:delegating col 990
INFO:root:col 990 processed
INFO:root:delegating col 991
INFO:root:col 991 processed
INFO:root:delegating col 992
INFO:root:col 992 processed
INFO:root:delegating col 993
INFO:root:col 993 processed
INFO:root:delegating col 994
INFO:root:col 994 processed
INFO:root:delegating col 995
INFO:root:col 995 processed
INFO:root:delegating col 996
INFO:root:col 996 processed
INFO:root:delegating col 997
INFO:root:col 997 processed
INFO:root:delegating col 998
INFO:root:col 998 processed
INFO:root:delegating col 999
INFO:root:col 999 processed
INFO:root:computational task completed
INFO:root:progress saved
